<?xml version="1.0" encoding="UTF-8"?>
<!-- Generated by org.testng.reporters.JUnitXMLReporter -->
<testsuite ignored="0" hostname="Sumit-PC" failures="0" tests="11" name="Test10" time="32.771" errors="0" timestamp="2021-07-25T12:19:39 EDT">
  <testcase classname="ClassByMPJTech.Class10" name="openurl" time="1.498"/>
  <testcase classname="ClassByMPJTech.Class10" name="signin" time="0.877"/>
  <testcase classname="ClassByMPJTech.Class10" name="enteremailaddress" time="0.233"/>
  <testcase classname="ClassByMPJTech.Class10" name="enteremailaddress" time="0.161"/>
  <testcase classname="ClassByMPJTech.Class10" name="enteremailaddress" time="0.166"/>
  <testcase classname="ClassByMPJTech.Class10" name="clicksubmit" time="0.054"/>
  <testcase classname="ClassByMPJTech.Class10" name="personalinfo" time="2.068"/>
  <testcase classname="ClassByMPJTech.Class10" name="selectdays" time="10.242"/>
  <testcase classname="ClassByMPJTech.Class10" name="company" time="0.091"/>
  <testcase classname="ClassByMPJTech.Class10" name="mobilephone" time="0.12"/>
  <testcase classname="ClassByMPJTech.Class06" name="practice06" time="16.063"/>
</testsuite> <!-- Test10 -->
