<?xml version="1.0" encoding="UTF-8"?>
<testng-results ignored="0" total="1" passed="1" failed="0" skipped="0">
  <reporter-output>
  </reporter-output>
  <suite started-at="2021-08-06T20:28:39 EDT" name="Default suite" finished-at="2021-08-06T20:28:53 EDT" duration-ms="13192">
    <groups>
    </groups>
    <test started-at="2021-08-06T20:28:39 EDT" name="Default test" finished-at="2021-08-06T20:28:53 EDT" duration-ms="13192">
      <class name="ClassByMPJTech.Class15">
        <test-method is-config="true" signature="setup()[pri:0, instance:ClassByMPJTech.Class15@5c909414]" started-at="2021-08-06T20:28:39 EDT" name="setup" finished-at="2021-08-06T20:28:41 EDT" duration-ms="1380" status="PASS">
          <reporter-output>
          </reporter-output>
        </test-method> <!-- setup -->
        <test-method signature="frame()[pri:0, instance:ClassByMPJTech.Class15@5c909414]" started-at="2021-08-06T20:28:41 EDT" name="frame" finished-at="2021-08-06T20:28:53 EDT" duration-ms="11773" status="PASS">
          <reporter-output>
          </reporter-output>
        </test-method> <!-- frame -->
      </class> <!-- ClassByMPJTech.Class15 -->
    </test> <!-- Default test -->
  </suite> <!-- Default suite -->
</testng-results>
