<?xml version="1.0" encoding="UTF-8"?>
<testng-results ignored="0" total="1" passed="1" failed="0" skipped="0">
  <reporter-output>
  </reporter-output>
  <suite started-at="2021-08-05T21:19:03 EDT" name="Default suite" finished-at="2021-08-05T21:19:09 EDT" duration-ms="6082">
    <groups>
    </groups>
    <test started-at="2021-08-05T21:19:03 EDT" name="Default test" finished-at="2021-08-05T21:19:09 EDT" duration-ms="6082">
      <class name="ClassByMPJTech.Class15">
        <test-method is-config="true" signature="setup()[pri:0, instance:ClassByMPJTech.Class15@5c909414]" started-at="2021-08-05T21:19:03 EDT" name="setup" finished-at="2021-08-05T21:19:04 EDT" duration-ms="1109" status="PASS">
          <reporter-output>
          </reporter-output>
        </test-method> <!-- setup -->
        <test-method signature="frame()[pri:0, instance:ClassByMPJTech.Class15@5c909414]" started-at="2021-08-05T21:19:04 EDT" name="frame" finished-at="2021-08-05T21:19:09 EDT" duration-ms="4942" status="PASS">
          <reporter-output>
          </reporter-output>
        </test-method> <!-- frame -->
      </class> <!-- ClassByMPJTech.Class15 -->
    </test> <!-- Default test -->
  </suite> <!-- Default suite -->
</testng-results>
